[3.542s] DEBUG:colcon:Command line arguments: ['/usr/bin/colcon', 'build']
[3.542s] DEBUG:colcon:Parsed command line arguments: Namespace(log_base=None, log_level=None, verb_name='build', build_base='build', install_base='install', merge_install=False, symlink_install=False, test_result_base=None, continue_on_error=False, executor='parallel', parallel_workers=2, event_handlers=None, ignore_user_meta=False, metas=['./colcon.meta'], base_paths=['.'], packages_ignore=None, packages_ignore_regex=None, paths=None, packages_up_to=None, packages_up_to_regex=None, packages_above=None, packages_above_and_dependencies=None, packages_above_depth=None, packages_select_by_dep=None, packages_skip_by_dep=None, packages_skip_up_to=None, packages_select_build_failed=False, packages_skip_build_finished=False, packages_select_test_failures=False, packages_skip_test_passed=False, packages_select=None, packages_skip=None, packages_select_regex=None, packages_skip_regex=None, packages_start=None, packages_end=None, allow_overriding=[], cmake_args=None, cmake_target=None, cmake_target_skip_unavailable=False, cmake_clean_cache=False, cmake_clean_first=False, cmake_force_configure=False, ament_cmake_args=None, catkin_cmake_args=None, catkin_skip_building_tests=False, mixin_files=None, mixin=None, verb_parser=<colcon_mixin.mixin.mixin_argument.MixinArgumentDecorator object at 0x7b3db2f4bac0>, verb_extension=<colcon_core.verb.build.BuildVerb object at 0x7b3db307c8e0>, main=<bound method BuildVerb.main of <colcon_core.verb.build.BuildVerb object at 0x7b3db307c8e0>>, mixin_verb=('build',))
[10.769s] Level 1:colcon.colcon_core.package_discovery:discover_packages(colcon_meta) check parameters
[10.770s] Level 1:colcon.colcon_core.package_discovery:discover_packages(recursive) check parameters
[10.770s] Level 1:colcon.colcon_core.package_discovery:discover_packages(ignore) check parameters
[10.770s] Level 1:colcon.colcon_core.package_discovery:discover_packages(path) check parameters
[10.770s] Level 1:colcon.colcon_core.package_discovery:discover_packages(colcon_meta) discover
[10.771s] Level 1:colcon.colcon_core.package_discovery:discover_packages(recursive) discover
[10.771s] INFO:colcon.colcon_core.package_discovery:Crawling recursively for packages in '/home/rafael/ROS2Dev/robot_2025_ws/src/practica1_description'
[10.771s] Level 1:colcon.colcon_core.package_identification:_identify(.) by extensions ['ignore', 'ignore_ament_install']
[10.772s] Level 1:colcon.colcon_core.package_identification:_identify(.) by extension 'ignore'
[10.772s] Level 1:colcon.colcon_core.package_identification:_identify(.) by extension 'ignore_ament_install'
[10.772s] Level 1:colcon.colcon_core.package_identification:_identify(.) by extensions ['colcon_pkg']
[10.772s] Level 1:colcon.colcon_core.package_identification:_identify(.) by extension 'colcon_pkg'
[10.772s] Level 1:colcon.colcon_core.package_identification:_identify(.) by extensions ['colcon_meta']
[10.773s] Level 1:colcon.colcon_core.package_identification:_identify(.) by extension 'colcon_meta'
[10.773s] Level 1:colcon.colcon_core.package_identification:_identify(.) by extensions ['ros']
[10.773s] Level 1:colcon.colcon_core.package_identification:_identify(.) by extension 'ros'
[10.954s] DEBUG:colcon.colcon_core.package_identification:Package '.' with type 'ros.ament_cmake' and name 'practica1_description'
[10.955s] Level 1:colcon.colcon_core.package_discovery:discover_packages(recursive) using defaults
[10.955s] Level 1:colcon.colcon_core.package_discovery:discover_packages(ignore) discover
[10.955s] Level 1:colcon.colcon_core.package_discovery:discover_packages(ignore) using defaults
[10.955s] Level 1:colcon.colcon_core.package_discovery:discover_packages(path) discover
[10.955s] Level 1:colcon.colcon_core.package_discovery:discover_packages(path) using defaults
[11.367s] Level 1:colcon.colcon_core.package_discovery:discover_packages(prefix_path) check parameters
[11.367s] Level 1:colcon.colcon_core.package_discovery:discover_packages(prefix_path) discover
[11.432s] DEBUG:colcon.colcon_installed_package_information.package_discovery:Found 1 installed packages in /home/rafael/ROS2Dev/robot_2025_ws/src/practica1_description/install
[11.477s] DEBUG:colcon.colcon_installed_package_information.package_discovery:Found 273 installed packages in /opt/ros/humble
[11.499s] Level 1:colcon.colcon_core.package_discovery:discover_packages(prefix_path) using defaults
[14.127s] Level 5:colcon.colcon_core.verb:set package 'practica1_description' build argument 'cmake_args' from command line to 'None'
[14.127s] Level 5:colcon.colcon_core.verb:set package 'practica1_description' build argument 'cmake_target' from command line to 'None'
[14.127s] Level 5:colcon.colcon_core.verb:set package 'practica1_description' build argument 'cmake_target_skip_unavailable' from command line to 'False'
[14.128s] Level 5:colcon.colcon_core.verb:set package 'practica1_description' build argument 'cmake_clean_cache' from command line to 'False'
[14.128s] Level 5:colcon.colcon_core.verb:set package 'practica1_description' build argument 'cmake_clean_first' from command line to 'False'
[14.128s] Level 5:colcon.colcon_core.verb:set package 'practica1_description' build argument 'cmake_force_configure' from command line to 'False'
[14.128s] Level 5:colcon.colcon_core.verb:set package 'practica1_description' build argument 'ament_cmake_args' from command line to 'None'
[14.128s] Level 5:colcon.colcon_core.verb:set package 'practica1_description' build argument 'catkin_cmake_args' from command line to 'None'
[14.128s] Level 5:colcon.colcon_core.verb:set package 'practica1_description' build argument 'catkin_skip_building_tests' from command line to 'False'
[14.128s] DEBUG:colcon.colcon_core.verb:Building package 'practica1_description' with the following arguments: {'ament_cmake_args': None, 'build_base': '/home/rafael/ROS2Dev/robot_2025_ws/src/practica1_description/build/practica1_description', 'catkin_cmake_args': None, 'catkin_skip_building_tests': False, 'cmake_args': None, 'cmake_clean_cache': False, 'cmake_clean_first': False, 'cmake_force_configure': False, 'cmake_target': None, 'cmake_target_skip_unavailable': False, 'install_base': '/home/rafael/ROS2Dev/robot_2025_ws/src/practica1_description/install/practica1_description', 'merge_install': False, 'path': '/home/rafael/ROS2Dev/robot_2025_ws/src/practica1_description', 'symlink_install': False, 'test_result_base': None}
[14.129s] INFO:colcon.colcon_core.executor:Executing jobs using 'parallel' executor
[14.133s] DEBUG:colcon.colcon_parallel_executor.executor.parallel:run_until_complete
[14.134s] INFO:colcon.colcon_ros.task.ament_cmake.build:Building ROS package in '/home/rafael/ROS2Dev/robot_2025_ws/src/practica1_description' with build type 'ament_cmake'
[14.135s] INFO:colcon.colcon_cmake.task.cmake.build:Building CMake package in '/home/rafael/ROS2Dev/robot_2025_ws/src/practica1_description'
[14.216s] INFO:colcon.colcon_core.plugin_system:Skipping extension 'colcon_core.shell.bat': Not used on non-Windows systems
[14.217s] INFO:colcon.colcon_core.shell:Skip shell extension 'powershell' for command environment: Not usable outside of PowerShell
[14.217s] DEBUG:colcon.colcon_core.shell:Skip shell extension 'dsv' for command environment
[14.362s] DEBUG:colcon.colcon_core.event_handler.log_command:Invoking command in '/home/rafael/ROS2Dev/robot_2025_ws/src/practica1_description/build/practica1_description': CMAKE_PREFIX_PATH=${CMAKE_PREFIX_PATH}:/opt/ros/humble /usr/bin/cmake --build /home/rafael/ROS2Dev/robot_2025_ws/src/practica1_description/build/practica1_description -- -j2 -l2
[15.167s] DEBUG:colcon.colcon_core.event_handler.log_command:Invoked command in '/home/rafael/ROS2Dev/robot_2025_ws/src/practica1_description/build/practica1_description' returned '0': CMAKE_PREFIX_PATH=${CMAKE_PREFIX_PATH}:/opt/ros/humble /usr/bin/cmake --build /home/rafael/ROS2Dev/robot_2025_ws/src/practica1_description/build/practica1_description -- -j2 -l2
[15.371s] DEBUG:colcon.colcon_core.event_handler.log_command:Invoking command in '/home/rafael/ROS2Dev/robot_2025_ws/src/practica1_description/build/practica1_description': CMAKE_PREFIX_PATH=${CMAKE_PREFIX_PATH}:/opt/ros/humble /usr/bin/cmake --install /home/rafael/ROS2Dev/robot_2025_ws/src/practica1_description/build/practica1_description
[15.472s] Level 1:colcon.colcon_core.environment:create_environment_scripts_only(practica1_description)
[15.475s] DEBUG:colcon.colcon_core.event_handler.log_command:Invoked command in '/home/rafael/ROS2Dev/robot_2025_ws/src/practica1_description/build/practica1_description' returned '0': CMAKE_PREFIX_PATH=${CMAKE_PREFIX_PATH}:/opt/ros/humble /usr/bin/cmake --install /home/rafael/ROS2Dev/robot_2025_ws/src/practica1_description/build/practica1_description
[15.583s] Level 1:colcon.colcon_core.environment:checking '/home/rafael/ROS2Dev/robot_2025_ws/src/practica1_description/install/practica1_description' for CMake module files
[15.586s] Level 1:colcon.colcon_core.environment:checking '/home/rafael/ROS2Dev/robot_2025_ws/src/practica1_description/install/practica1_description' for CMake config files
[15.589s] Level 1:colcon.colcon_core.shell:create_environment_hook('practica1_description', 'cmake_prefix_path')
[15.590s] INFO:colcon.colcon_core.shell:Creating environment hook '/home/rafael/ROS2Dev/robot_2025_ws/src/practica1_description/install/practica1_description/share/practica1_description/hook/cmake_prefix_path.ps1'
[15.600s] INFO:colcon.colcon_core.shell:Creating environment descriptor '/home/rafael/ROS2Dev/robot_2025_ws/src/practica1_description/install/practica1_description/share/practica1_description/hook/cmake_prefix_path.dsv'
[15.614s] INFO:colcon.colcon_core.shell:Creating environment hook '/home/rafael/ROS2Dev/robot_2025_ws/src/practica1_description/install/practica1_description/share/practica1_description/hook/cmake_prefix_path.sh'
[15.622s] Level 1:colcon.colcon_core.environment:checking '/home/rafael/ROS2Dev/robot_2025_ws/src/practica1_description/install/practica1_description/bin'
[15.622s] Level 1:colcon.colcon_core.environment:checking '/home/rafael/ROS2Dev/robot_2025_ws/src/practica1_description/install/practica1_description/lib/pkgconfig/practica1_description.pc'
[15.623s] Level 1:colcon.colcon_core.environment:checking '/home/rafael/ROS2Dev/robot_2025_ws/src/practica1_description/install/practica1_description/lib/python3.10/site-packages'
[15.624s] Level 1:colcon.colcon_core.environment:checking '/home/rafael/ROS2Dev/robot_2025_ws/src/practica1_description/install/practica1_description/bin'
[15.626s] INFO:colcon.colcon_core.shell:Creating package script '/home/rafael/ROS2Dev/robot_2025_ws/src/practica1_description/install/practica1_description/share/practica1_description/package.ps1'
[15.629s] INFO:colcon.colcon_core.shell:Creating package descriptor '/home/rafael/ROS2Dev/robot_2025_ws/src/practica1_description/install/practica1_description/share/practica1_description/package.dsv'
[15.632s] INFO:colcon.colcon_core.shell:Creating package script '/home/rafael/ROS2Dev/robot_2025_ws/src/practica1_description/install/practica1_description/share/practica1_description/package.sh'
[15.636s] INFO:colcon.colcon_core.shell:Creating package script '/home/rafael/ROS2Dev/robot_2025_ws/src/practica1_description/install/practica1_description/share/practica1_description/package.bash'
[15.660s] INFO:colcon.colcon_core.shell:Creating package script '/home/rafael/ROS2Dev/robot_2025_ws/src/practica1_description/install/practica1_description/share/practica1_description/package.zsh'
[15.677s] Level 1:colcon.colcon_core.environment:create_file_with_runtime_dependencies(/home/rafael/ROS2Dev/robot_2025_ws/src/practica1_description/install/practica1_description/share/colcon-core/packages/practica1_description)
[15.856s] Level 1:colcon.colcon_core.environment:create_environment_scripts_only(practica1_description)
[15.857s] Level 1:colcon.colcon_core.environment:checking '/home/rafael/ROS2Dev/robot_2025_ws/src/practica1_description/install/practica1_description' for CMake module files
[15.860s] Level 1:colcon.colcon_core.environment:checking '/home/rafael/ROS2Dev/robot_2025_ws/src/practica1_description/install/practica1_description' for CMake config files
[15.860s] Level 1:colcon.colcon_core.shell:create_environment_hook('practica1_description', 'cmake_prefix_path')
[15.861s] INFO:colcon.colcon_core.shell:Creating environment hook '/home/rafael/ROS2Dev/robot_2025_ws/src/practica1_description/install/practica1_description/share/practica1_description/hook/cmake_prefix_path.ps1'
[15.863s] INFO:colcon.colcon_core.shell:Creating environment descriptor '/home/rafael/ROS2Dev/robot_2025_ws/src/practica1_description/install/practica1_description/share/practica1_description/hook/cmake_prefix_path.dsv'
[15.865s] INFO:colcon.colcon_core.shell:Creating environment hook '/home/rafael/ROS2Dev/robot_2025_ws/src/practica1_description/install/practica1_description/share/practica1_description/hook/cmake_prefix_path.sh'
[15.872s] Level 1:colcon.colcon_core.environment:checking '/home/rafael/ROS2Dev/robot_2025_ws/src/practica1_description/install/practica1_description/bin'
[15.872s] Level 1:colcon.colcon_core.environment:checking '/home/rafael/ROS2Dev/robot_2025_ws/src/practica1_description/install/practica1_description/lib/pkgconfig/practica1_description.pc'
[15.873s] Level 1:colcon.colcon_core.environment:checking '/home/rafael/ROS2Dev/robot_2025_ws/src/practica1_description/install/practica1_description/lib/python3.10/site-packages'
[15.874s] Level 1:colcon.colcon_core.environment:checking '/home/rafael/ROS2Dev/robot_2025_ws/src/practica1_description/install/practica1_description/bin'
[15.877s] INFO:colcon.colcon_core.shell:Creating package script '/home/rafael/ROS2Dev/robot_2025_ws/src/practica1_description/install/practica1_description/share/practica1_description/package.ps1'
[15.882s] INFO:colcon.colcon_core.shell:Creating package descriptor '/home/rafael/ROS2Dev/robot_2025_ws/src/practica1_description/install/practica1_description/share/practica1_description/package.dsv'
[15.886s] INFO:colcon.colcon_core.shell:Creating package script '/home/rafael/ROS2Dev/robot_2025_ws/src/practica1_description/install/practica1_description/share/practica1_description/package.sh'
[15.890s] INFO:colcon.colcon_core.shell:Creating package script '/home/rafael/ROS2Dev/robot_2025_ws/src/practica1_description/install/practica1_description/share/practica1_description/package.bash'
[15.894s] INFO:colcon.colcon_core.shell:Creating package script '/home/rafael/ROS2Dev/robot_2025_ws/src/practica1_description/install/practica1_description/share/practica1_description/package.zsh'
[15.896s] Level 1:colcon.colcon_core.environment:create_file_with_runtime_dependencies(/home/rafael/ROS2Dev/robot_2025_ws/src/practica1_description/install/practica1_description/share/colcon-core/packages/practica1_description)
[15.902s] DEBUG:colcon.colcon_parallel_executor.executor.parallel:closing loop
[15.904s] DEBUG:colcon.colcon_parallel_executor.executor.parallel:loop closed
[15.904s] DEBUG:colcon.colcon_parallel_executor.executor.parallel:run_until_complete finished with '0'
[15.904s] DEBUG:colcon.colcon_core.event_reactor:joining thread
[16.017s] INFO:colcon.colcon_core.plugin_system:Skipping extension 'colcon_notification.desktop_notification.terminal_notifier': Not used on non-Darwin systems
[16.018s] INFO:colcon.colcon_core.plugin_system:Skipping extension 'colcon_notification.desktop_notification.win32': Not used on non-Windows systems
[16.018s] INFO:colcon.colcon_notification.desktop_notification:Sending desktop notification using 'notify2'
[16.202s] DEBUG:colcon.colcon_core.event_reactor:joined thread
[16.204s] INFO:colcon.colcon_core.shell:Creating prefix script '/home/rafael/ROS2Dev/robot_2025_ws/src/practica1_description/install/local_setup.ps1'
[16.214s] INFO:colcon.colcon_core.shell:Creating prefix util module '/home/rafael/ROS2Dev/robot_2025_ws/src/practica1_description/install/_local_setup_util_ps1.py'
[16.226s] INFO:colcon.colcon_core.shell:Creating prefix chain script '/home/rafael/ROS2Dev/robot_2025_ws/src/practica1_description/install/setup.ps1'
[16.235s] INFO:colcon.colcon_core.shell:Creating prefix script '/home/rafael/ROS2Dev/robot_2025_ws/src/practica1_description/install/local_setup.sh'
[16.244s] INFO:colcon.colcon_core.shell:Creating prefix util module '/home/rafael/ROS2Dev/robot_2025_ws/src/practica1_description/install/_local_setup_util_sh.py'
[16.249s] INFO:colcon.colcon_core.shell:Creating prefix chain script '/home/rafael/ROS2Dev/robot_2025_ws/src/practica1_description/install/setup.sh'
[16.258s] INFO:colcon.colcon_core.shell:Creating prefix script '/home/rafael/ROS2Dev/robot_2025_ws/src/practica1_description/install/local_setup.bash'
[16.262s] INFO:colcon.colcon_core.shell:Creating prefix chain script '/home/rafael/ROS2Dev/robot_2025_ws/src/practica1_description/install/setup.bash'
[16.273s] INFO:colcon.colcon_core.shell:Creating prefix script '/home/rafael/ROS2Dev/robot_2025_ws/src/practica1_description/install/local_setup.zsh'
[16.277s] INFO:colcon.colcon_core.shell:Creating prefix chain script '/home/rafael/ROS2Dev/robot_2025_ws/src/practica1_description/install/setup.zsh'
