[4.984s] DEBUG:colcon:Command line arguments: ['/usr/bin/colcon', 'build']
[4.984s] DEBUG:colcon:Parsed command line arguments: Namespace(log_base=None, log_level=None, verb_name='build', build_base='build', install_base='install', merge_install=False, symlink_install=False, test_result_base=None, continue_on_error=False, executor='parallel', parallel_workers=2, event_handlers=None, ignore_user_meta=False, metas=['./colcon.meta'], base_paths=['.'], packages_ignore=None, packages_ignore_regex=None, paths=None, packages_up_to=None, packages_up_to_regex=None, packages_above=None, packages_above_and_dependencies=None, packages_above_depth=None, packages_select_by_dep=None, packages_skip_by_dep=None, packages_skip_up_to=None, packages_select_build_failed=False, packages_skip_build_finished=False, packages_select_test_failures=False, packages_skip_test_passed=False, packages_select=None, packages_skip=None, packages_select_regex=None, packages_skip_regex=None, packages_start=None, packages_end=None, allow_overriding=[], cmake_args=None, cmake_target=None, cmake_target_skip_unavailable=False, cmake_clean_cache=False, cmake_clean_first=False, cmake_force_configure=False, ament_cmake_args=None, catkin_cmake_args=None, catkin_skip_building_tests=False, mixin_files=None, mixin=None, verb_parser=<colcon_mixin.mixin.mixin_argument.MixinArgumentDecorator object at 0x70a95d663c40>, verb_extension=<colcon_core.verb.build.BuildVerb object at 0x70a95d79c9d0>, main=<bound method BuildVerb.main of <colcon_core.verb.build.BuildVerb object at 0x70a95d79c9d0>>, mixin_verb=('build',))
[10.482s] Level 1:colcon.colcon_core.package_discovery:discover_packages(colcon_meta) check parameters
[10.483s] Level 1:colcon.colcon_core.package_discovery:discover_packages(recursive) check parameters
[10.483s] Level 1:colcon.colcon_core.package_discovery:discover_packages(ignore) check parameters
[10.483s] Level 1:colcon.colcon_core.package_discovery:discover_packages(path) check parameters
[10.483s] Level 1:colcon.colcon_core.package_discovery:discover_packages(colcon_meta) discover
[10.484s] Level 1:colcon.colcon_core.package_discovery:discover_packages(recursive) discover
[10.484s] INFO:colcon.colcon_core.package_discovery:Crawling recursively for packages in '/home/rafael/ROS2Dev/robot_2025_ws/src/practica1_description'
[10.484s] Level 1:colcon.colcon_core.package_identification:_identify(.) by extensions ['ignore', 'ignore_ament_install']
[10.485s] Level 1:colcon.colcon_core.package_identification:_identify(.) by extension 'ignore'
[10.485s] Level 1:colcon.colcon_core.package_identification:_identify(.) by extension 'ignore_ament_install'
[10.486s] Level 1:colcon.colcon_core.package_identification:_identify(.) by extensions ['colcon_pkg']
[10.486s] Level 1:colcon.colcon_core.package_identification:_identify(.) by extension 'colcon_pkg'
[10.487s] Level 1:colcon.colcon_core.package_identification:_identify(.) by extensions ['colcon_meta']
[10.487s] Level 1:colcon.colcon_core.package_identification:_identify(.) by extension 'colcon_meta'
[10.487s] Level 1:colcon.colcon_core.package_identification:_identify(.) by extensions ['ros']
[10.487s] Level 1:colcon.colcon_core.package_identification:_identify(.) by extension 'ros'
[10.676s] DEBUG:colcon.colcon_core.package_identification:Package '.' with type 'ros.ament_cmake' and name 'practica1_description'
[10.676s] Level 1:colcon.colcon_core.package_discovery:discover_packages(recursive) using defaults
[10.676s] Level 1:colcon.colcon_core.package_discovery:discover_packages(ignore) discover
[10.677s] Level 1:colcon.colcon_core.package_discovery:discover_packages(ignore) using defaults
[10.677s] Level 1:colcon.colcon_core.package_discovery:discover_packages(path) discover
[10.677s] Level 1:colcon.colcon_core.package_discovery:discover_packages(path) using defaults
[11.090s] Level 1:colcon.colcon_core.package_discovery:discover_packages(prefix_path) check parameters
[11.090s] Level 1:colcon.colcon_core.package_discovery:discover_packages(prefix_path) discover
[11.138s] DEBUG:colcon.colcon_installed_package_information.package_discovery:Found 273 installed packages in /opt/ros/humble
[11.156s] Level 1:colcon.colcon_core.package_discovery:discover_packages(prefix_path) using defaults
[11.381s] Level 5:colcon.colcon_core.verb:set package 'practica1_description' build argument 'cmake_args' from command line to 'None'
[11.381s] Level 5:colcon.colcon_core.verb:set package 'practica1_description' build argument 'cmake_target' from command line to 'None'
[11.381s] Level 5:colcon.colcon_core.verb:set package 'practica1_description' build argument 'cmake_target_skip_unavailable' from command line to 'False'
[11.382s] Level 5:colcon.colcon_core.verb:set package 'practica1_description' build argument 'cmake_clean_cache' from command line to 'False'
[11.382s] Level 5:colcon.colcon_core.verb:set package 'practica1_description' build argument 'cmake_clean_first' from command line to 'False'
[11.382s] Level 5:colcon.colcon_core.verb:set package 'practica1_description' build argument 'cmake_force_configure' from command line to 'False'
[11.382s] Level 5:colcon.colcon_core.verb:set package 'practica1_description' build argument 'ament_cmake_args' from command line to 'None'
[11.382s] Level 5:colcon.colcon_core.verb:set package 'practica1_description' build argument 'catkin_cmake_args' from command line to 'None'
[11.382s] Level 5:colcon.colcon_core.verb:set package 'practica1_description' build argument 'catkin_skip_building_tests' from command line to 'False'
[11.382s] DEBUG:colcon.colcon_core.verb:Building package 'practica1_description' with the following arguments: {'ament_cmake_args': None, 'build_base': '/home/rafael/ROS2Dev/robot_2025_ws/src/practica1_description/build/practica1_description', 'catkin_cmake_args': None, 'catkin_skip_building_tests': False, 'cmake_args': None, 'cmake_clean_cache': False, 'cmake_clean_first': False, 'cmake_force_configure': False, 'cmake_target': None, 'cmake_target_skip_unavailable': False, 'install_base': '/home/rafael/ROS2Dev/robot_2025_ws/src/practica1_description/install/practica1_description', 'merge_install': False, 'path': '/home/rafael/ROS2Dev/robot_2025_ws/src/practica1_description', 'symlink_install': False, 'test_result_base': None}
[11.383s] INFO:colcon.colcon_core.executor:Executing jobs using 'parallel' executor
[11.386s] DEBUG:colcon.colcon_parallel_executor.executor.parallel:run_until_complete
[11.387s] INFO:colcon.colcon_ros.task.ament_cmake.build:Building ROS package in '/home/rafael/ROS2Dev/robot_2025_ws/src/practica1_description' with build type 'ament_cmake'
[11.388s] INFO:colcon.colcon_cmake.task.cmake.build:Building CMake package in '/home/rafael/ROS2Dev/robot_2025_ws/src/practica1_description'
[11.434s] INFO:colcon.colcon_core.plugin_system:Skipping extension 'colcon_core.shell.bat': Not used on non-Windows systems
[11.437s] INFO:colcon.colcon_core.shell:Skip shell extension 'powershell' for command environment: Not usable outside of PowerShell
[11.437s] DEBUG:colcon.colcon_core.shell:Skip shell extension 'dsv' for command environment
[11.561s] DEBUG:colcon.colcon_core.event_handler.log_command:Invoking command in '/home/rafael/ROS2Dev/robot_2025_ws/src/practica1_description/build/practica1_description': CMAKE_PREFIX_PATH=/opt/ros/humble /usr/bin/cmake --build /home/rafael/ROS2Dev/robot_2025_ws/src/practica1_description/build/practica1_description -- -j2 -l2
[12.320s] DEBUG:colcon.colcon_core.event_handler.log_command:Invoked command in '/home/rafael/ROS2Dev/robot_2025_ws/src/practica1_description/build/practica1_description' returned '0': CMAKE_PREFIX_PATH=/opt/ros/humble /usr/bin/cmake --build /home/rafael/ROS2Dev/robot_2025_ws/src/practica1_description/build/practica1_description -- -j2 -l2
[12.476s] DEBUG:colcon.colcon_core.event_handler.log_command:Invoking command in '/home/rafael/ROS2Dev/robot_2025_ws/src/practica1_description/build/practica1_description': CMAKE_PREFIX_PATH=/opt/ros/humble /usr/bin/cmake --install /home/rafael/ROS2Dev/robot_2025_ws/src/practica1_description/build/practica1_description
[12.599s] Level 1:colcon.colcon_core.environment:create_environment_scripts_only(practica1_description)
[12.600s] DEBUG:colcon.colcon_core.event_handler.log_command:Invoked command in '/home/rafael/ROS2Dev/robot_2025_ws/src/practica1_description/build/practica1_description' returned '0': CMAKE_PREFIX_PATH=/opt/ros/humble /usr/bin/cmake --install /home/rafael/ROS2Dev/robot_2025_ws/src/practica1_description/build/practica1_description
[12.713s] Level 1:colcon.colcon_core.environment:checking '/home/rafael/ROS2Dev/robot_2025_ws/src/practica1_description/install/practica1_description' for CMake module files
[12.715s] Level 1:colcon.colcon_core.environment:checking '/home/rafael/ROS2Dev/robot_2025_ws/src/practica1_description/install/practica1_description' for CMake config files
[12.717s] Level 1:colcon.colcon_core.shell:create_environment_hook('practica1_description', 'cmake_prefix_path')
[12.718s] INFO:colcon.colcon_core.shell:Creating environment hook '/home/rafael/ROS2Dev/robot_2025_ws/src/practica1_description/install/practica1_description/share/practica1_description/hook/cmake_prefix_path.ps1'
[12.736s] INFO:colcon.colcon_core.shell:Creating environment descriptor '/home/rafael/ROS2Dev/robot_2025_ws/src/practica1_description/install/practica1_description/share/practica1_description/hook/cmake_prefix_path.dsv'
[12.750s] INFO:colcon.colcon_core.shell:Creating environment hook '/home/rafael/ROS2Dev/robot_2025_ws/src/practica1_description/install/practica1_description/share/practica1_description/hook/cmake_prefix_path.sh'
[12.760s] Level 1:colcon.colcon_core.environment:checking '/home/rafael/ROS2Dev/robot_2025_ws/src/practica1_description/install/practica1_description/bin'
[12.760s] Level 1:colcon.colcon_core.environment:checking '/home/rafael/ROS2Dev/robot_2025_ws/src/practica1_description/install/practica1_description/lib/pkgconfig/practica1_description.pc'
[12.761s] Level 1:colcon.colcon_core.environment:checking '/home/rafael/ROS2Dev/robot_2025_ws/src/practica1_description/install/practica1_description/lib/python3.10/site-packages'
[12.762s] Level 1:colcon.colcon_core.environment:checking '/home/rafael/ROS2Dev/robot_2025_ws/src/practica1_description/install/practica1_description/bin'
[12.764s] INFO:colcon.colcon_core.shell:Creating package script '/home/rafael/ROS2Dev/robot_2025_ws/src/practica1_description/install/practica1_description/share/practica1_description/package.ps1'
[12.768s] INFO:colcon.colcon_core.shell:Creating package descriptor '/home/rafael/ROS2Dev/robot_2025_ws/src/practica1_description/install/practica1_description/share/practica1_description/package.dsv'
[12.773s] INFO:colcon.colcon_core.shell:Creating package script '/home/rafael/ROS2Dev/robot_2025_ws/src/practica1_description/install/practica1_description/share/practica1_description/package.sh'
[12.779s] INFO:colcon.colcon_core.shell:Creating package script '/home/rafael/ROS2Dev/robot_2025_ws/src/practica1_description/install/practica1_description/share/practica1_description/package.bash'
[12.816s] INFO:colcon.colcon_core.shell:Creating package script '/home/rafael/ROS2Dev/robot_2025_ws/src/practica1_description/install/practica1_description/share/practica1_description/package.zsh'
[12.824s] Level 1:colcon.colcon_core.environment:create_file_with_runtime_dependencies(/home/rafael/ROS2Dev/robot_2025_ws/src/practica1_description/install/practica1_description/share/colcon-core/packages/practica1_description)
[12.965s] Level 1:colcon.colcon_core.environment:create_environment_scripts_only(practica1_description)
[12.967s] Level 1:colcon.colcon_core.environment:checking '/home/rafael/ROS2Dev/robot_2025_ws/src/practica1_description/install/practica1_description' for CMake module files
[12.974s] Level 1:colcon.colcon_core.environment:checking '/home/rafael/ROS2Dev/robot_2025_ws/src/practica1_description/install/practica1_description' for CMake config files
[12.976s] Level 1:colcon.colcon_core.shell:create_environment_hook('practica1_description', 'cmake_prefix_path')
[12.977s] INFO:colcon.colcon_core.shell:Creating environment hook '/home/rafael/ROS2Dev/robot_2025_ws/src/practica1_description/install/practica1_description/share/practica1_description/hook/cmake_prefix_path.ps1'
[12.981s] INFO:colcon.colcon_core.shell:Creating environment descriptor '/home/rafael/ROS2Dev/robot_2025_ws/src/practica1_description/install/practica1_description/share/practica1_description/hook/cmake_prefix_path.dsv'
[12.984s] INFO:colcon.colcon_core.shell:Creating environment hook '/home/rafael/ROS2Dev/robot_2025_ws/src/practica1_description/install/practica1_description/share/practica1_description/hook/cmake_prefix_path.sh'
[12.988s] Level 1:colcon.colcon_core.environment:checking '/home/rafael/ROS2Dev/robot_2025_ws/src/practica1_description/install/practica1_description/bin'
[12.989s] Level 1:colcon.colcon_core.environment:checking '/home/rafael/ROS2Dev/robot_2025_ws/src/practica1_description/install/practica1_description/lib/pkgconfig/practica1_description.pc'
[12.990s] Level 1:colcon.colcon_core.environment:checking '/home/rafael/ROS2Dev/robot_2025_ws/src/practica1_description/install/practica1_description/lib/python3.10/site-packages'
[12.990s] Level 1:colcon.colcon_core.environment:checking '/home/rafael/ROS2Dev/robot_2025_ws/src/practica1_description/install/practica1_description/bin'
[12.992s] INFO:colcon.colcon_core.shell:Creating package script '/home/rafael/ROS2Dev/robot_2025_ws/src/practica1_description/install/practica1_description/share/practica1_description/package.ps1'
[12.994s] INFO:colcon.colcon_core.shell:Creating package descriptor '/home/rafael/ROS2Dev/robot_2025_ws/src/practica1_description/install/practica1_description/share/practica1_description/package.dsv'
[12.996s] INFO:colcon.colcon_core.shell:Creating package script '/home/rafael/ROS2Dev/robot_2025_ws/src/practica1_description/install/practica1_description/share/practica1_description/package.sh'
[12.999s] INFO:colcon.colcon_core.shell:Creating package script '/home/rafael/ROS2Dev/robot_2025_ws/src/practica1_description/install/practica1_description/share/practica1_description/package.bash'
[13.001s] INFO:colcon.colcon_core.shell:Creating package script '/home/rafael/ROS2Dev/robot_2025_ws/src/practica1_description/install/practica1_description/share/practica1_description/package.zsh'
[13.003s] Level 1:colcon.colcon_core.environment:create_file_with_runtime_dependencies(/home/rafael/ROS2Dev/robot_2025_ws/src/practica1_description/install/practica1_description/share/colcon-core/packages/practica1_description)
[13.005s] DEBUG:colcon.colcon_parallel_executor.executor.parallel:closing loop
[13.007s] DEBUG:colcon.colcon_parallel_executor.executor.parallel:loop closed
[13.007s] DEBUG:colcon.colcon_parallel_executor.executor.parallel:run_until_complete finished with '0'
[13.007s] DEBUG:colcon.colcon_core.event_reactor:joining thread
[13.137s] INFO:colcon.colcon_core.plugin_system:Skipping extension 'colcon_notification.desktop_notification.terminal_notifier': Not used on non-Darwin systems
[13.137s] INFO:colcon.colcon_core.plugin_system:Skipping extension 'colcon_notification.desktop_notification.win32': Not used on non-Windows systems
[13.137s] INFO:colcon.colcon_notification.desktop_notification:Sending desktop notification using 'notify2'
[13.550s] DEBUG:colcon.colcon_core.event_reactor:joined thread
[13.552s] INFO:colcon.colcon_core.shell:Creating prefix script '/home/rafael/ROS2Dev/robot_2025_ws/src/practica1_description/install/local_setup.ps1'
[13.570s] INFO:colcon.colcon_core.shell:Creating prefix util module '/home/rafael/ROS2Dev/robot_2025_ws/src/practica1_description/install/_local_setup_util_ps1.py'
[13.619s] INFO:colcon.colcon_core.shell:Creating prefix chain script '/home/rafael/ROS2Dev/robot_2025_ws/src/practica1_description/install/setup.ps1'
[13.623s] INFO:colcon.colcon_core.shell:Creating prefix script '/home/rafael/ROS2Dev/robot_2025_ws/src/practica1_description/install/local_setup.sh'
[13.626s] INFO:colcon.colcon_core.shell:Creating prefix util module '/home/rafael/ROS2Dev/robot_2025_ws/src/practica1_description/install/_local_setup_util_sh.py'
[13.628s] INFO:colcon.colcon_core.shell:Creating prefix chain script '/home/rafael/ROS2Dev/robot_2025_ws/src/practica1_description/install/setup.sh'
[13.637s] INFO:colcon.colcon_core.shell:Creating prefix script '/home/rafael/ROS2Dev/robot_2025_ws/src/practica1_description/install/local_setup.bash'
[13.648s] INFO:colcon.colcon_core.shell:Creating prefix chain script '/home/rafael/ROS2Dev/robot_2025_ws/src/practica1_description/install/setup.bash'
[13.652s] INFO:colcon.colcon_core.shell:Creating prefix script '/home/rafael/ROS2Dev/robot_2025_ws/src/practica1_description/install/local_setup.zsh'
[13.678s] INFO:colcon.colcon_core.shell:Creating prefix chain script '/home/rafael/ROS2Dev/robot_2025_ws/src/practica1_description/install/setup.zsh'
