[0.845s] DEBUG:colcon:Command line arguments: ['/usr/bin/colcon', 'build']
[0.846s] DEBUG:colcon:Parsed command line arguments: Namespace(log_base=None, log_level=None, verb_name='build', build_base='build', install_base='install', merge_install=False, symlink_install=False, test_result_base=None, continue_on_error=False, executor='parallel', parallel_workers=2, event_handlers=None, ignore_user_meta=False, metas=['./colcon.meta'], base_paths=['.'], packages_ignore=None, packages_ignore_regex=None, paths=None, packages_up_to=None, packages_up_to_regex=None, packages_above=None, packages_above_and_dependencies=None, packages_above_depth=None, packages_select_by_dep=None, packages_skip_by_dep=None, packages_skip_up_to=None, packages_select_build_failed=False, packages_skip_build_finished=False, packages_select_test_failures=False, packages_skip_test_passed=False, packages_select=None, packages_skip=None, packages_select_regex=None, packages_skip_regex=None, packages_start=None, packages_end=None, allow_overriding=[], cmake_args=None, cmake_target=None, cmake_target_skip_unavailable=False, cmake_clean_cache=False, cmake_clean_first=False, cmake_force_configure=False, ament_cmake_args=None, catkin_cmake_args=None, catkin_skip_building_tests=False, mixin_files=None, mixin=None, verb_parser=<colcon_mixin.mixin.mixin_argument.MixinArgumentDecorator object at 0x771d6ab3fa30>, verb_extension=<colcon_core.verb.build.BuildVerb object at 0x771d6ac80850>, main=<bound method BuildVerb.main of <colcon_core.verb.build.BuildVerb object at 0x771d6ac80850>>, mixin_verb=('build',))
[6.768s] Level 1:colcon.colcon_core.package_discovery:discover_packages(colcon_meta) check parameters
[6.768s] Level 1:colcon.colcon_core.package_discovery:discover_packages(recursive) check parameters
[6.768s] Level 1:colcon.colcon_core.package_discovery:discover_packages(ignore) check parameters
[6.768s] Level 1:colcon.colcon_core.package_discovery:discover_packages(path) check parameters
[6.768s] Level 1:colcon.colcon_core.package_discovery:discover_packages(colcon_meta) discover
[6.769s] Level 1:colcon.colcon_core.package_discovery:discover_packages(recursive) discover
[6.769s] INFO:colcon.colcon_core.package_discovery:Crawling recursively for packages in '/home/rafael/ROS2Dev/robot_2025_ws/src/practica1_description'
[6.769s] Level 1:colcon.colcon_core.package_identification:_identify(.) by extensions ['ignore', 'ignore_ament_install']
[6.770s] Level 1:colcon.colcon_core.package_identification:_identify(.) by extension 'ignore'
[6.770s] Level 1:colcon.colcon_core.package_identification:_identify(.) by extension 'ignore_ament_install'
[6.770s] Level 1:colcon.colcon_core.package_identification:_identify(.) by extensions ['colcon_pkg']
[6.770s] Level 1:colcon.colcon_core.package_identification:_identify(.) by extension 'colcon_pkg'
[6.771s] Level 1:colcon.colcon_core.package_identification:_identify(.) by extensions ['colcon_meta']
[6.771s] Level 1:colcon.colcon_core.package_identification:_identify(.) by extension 'colcon_meta'
[6.771s] Level 1:colcon.colcon_core.package_identification:_identify(.) by extensions ['ros']
[6.771s] Level 1:colcon.colcon_core.package_identification:_identify(.) by extension 'ros'
[6.889s] DEBUG:colcon.colcon_core.package_identification:Package '.' with type 'ros.ament_cmake' and name 'practica1_description'
[6.889s] Level 1:colcon.colcon_core.package_discovery:discover_packages(recursive) using defaults
[6.889s] Level 1:colcon.colcon_core.package_discovery:discover_packages(ignore) discover
[6.889s] Level 1:colcon.colcon_core.package_discovery:discover_packages(ignore) using defaults
[6.890s] Level 1:colcon.colcon_core.package_discovery:discover_packages(path) discover
[6.890s] Level 1:colcon.colcon_core.package_discovery:discover_packages(path) using defaults
[7.145s] Level 1:colcon.colcon_core.package_discovery:discover_packages(prefix_path) check parameters
[7.145s] Level 1:colcon.colcon_core.package_discovery:discover_packages(prefix_path) discover
[7.160s] DEBUG:colcon.colcon_installed_package_information.package_discovery:Found 273 installed packages in /opt/ros/humble
[7.169s] Level 1:colcon.colcon_core.package_discovery:discover_packages(prefix_path) using defaults
[7.357s] Level 5:colcon.colcon_core.verb:set package 'practica1_description' build argument 'cmake_args' from command line to 'None'
[7.357s] Level 5:colcon.colcon_core.verb:set package 'practica1_description' build argument 'cmake_target' from command line to 'None'
[7.357s] Level 5:colcon.colcon_core.verb:set package 'practica1_description' build argument 'cmake_target_skip_unavailable' from command line to 'False'
[7.357s] Level 5:colcon.colcon_core.verb:set package 'practica1_description' build argument 'cmake_clean_cache' from command line to 'False'
[7.357s] Level 5:colcon.colcon_core.verb:set package 'practica1_description' build argument 'cmake_clean_first' from command line to 'False'
[7.357s] Level 5:colcon.colcon_core.verb:set package 'practica1_description' build argument 'cmake_force_configure' from command line to 'False'
[7.357s] Level 5:colcon.colcon_core.verb:set package 'practica1_description' build argument 'ament_cmake_args' from command line to 'None'
[7.357s] Level 5:colcon.colcon_core.verb:set package 'practica1_description' build argument 'catkin_cmake_args' from command line to 'None'
[7.358s] Level 5:colcon.colcon_core.verb:set package 'practica1_description' build argument 'catkin_skip_building_tests' from command line to 'False'
[7.358s] DEBUG:colcon.colcon_core.verb:Building package 'practica1_description' with the following arguments: {'ament_cmake_args': None, 'build_base': '/home/rafael/ROS2Dev/robot_2025_ws/src/practica1_description/build/practica1_description', 'catkin_cmake_args': None, 'catkin_skip_building_tests': False, 'cmake_args': None, 'cmake_clean_cache': False, 'cmake_clean_first': False, 'cmake_force_configure': False, 'cmake_target': None, 'cmake_target_skip_unavailable': False, 'install_base': '/home/rafael/ROS2Dev/robot_2025_ws/src/practica1_description/install/practica1_description', 'merge_install': False, 'path': '/home/rafael/ROS2Dev/robot_2025_ws/src/practica1_description', 'symlink_install': False, 'test_result_base': None}
[7.358s] INFO:colcon.colcon_core.executor:Executing jobs using 'parallel' executor
[7.363s] DEBUG:colcon.colcon_parallel_executor.executor.parallel:run_until_complete
[7.364s] INFO:colcon.colcon_ros.task.ament_cmake.build:Building ROS package in '/home/rafael/ROS2Dev/robot_2025_ws/src/practica1_description' with build type 'ament_cmake'
[7.364s] INFO:colcon.colcon_cmake.task.cmake.build:Building CMake package in '/home/rafael/ROS2Dev/robot_2025_ws/src/practica1_description'
[7.384s] INFO:colcon.colcon_core.plugin_system:Skipping extension 'colcon_core.shell.bat': Not used on non-Windows systems
[7.385s] INFO:colcon.colcon_core.shell:Skip shell extension 'powershell' for command environment: Not usable outside of PowerShell
[7.385s] DEBUG:colcon.colcon_core.shell:Skip shell extension 'dsv' for command environment
[7.427s] DEBUG:colcon.colcon_core.event_handler.log_command:Invoking command in '/home/rafael/ROS2Dev/robot_2025_ws/src/practica1_description/build/practica1_description': CMAKE_PREFIX_PATH=/opt/ros/humble /usr/bin/cmake /home/rafael/ROS2Dev/robot_2025_ws/src/practica1_description -DCMAKE_INSTALL_PREFIX=/home/rafael/ROS2Dev/robot_2025_ws/src/practica1_description/install/practica1_description
[13.636s] DEBUG:colcon.colcon_core.event_handler.log_command:Invoked command in '/home/rafael/ROS2Dev/robot_2025_ws/src/practica1_description/build/practica1_description' returned '0': CMAKE_PREFIX_PATH=/opt/ros/humble /usr/bin/cmake /home/rafael/ROS2Dev/robot_2025_ws/src/practica1_description -DCMAKE_INSTALL_PREFIX=/home/rafael/ROS2Dev/robot_2025_ws/src/practica1_description/install/practica1_description
[13.644s] DEBUG:colcon.colcon_core.event_handler.log_command:Invoking command in '/home/rafael/ROS2Dev/robot_2025_ws/src/practica1_description/build/practica1_description': CMAKE_PREFIX_PATH=/opt/ros/humble /usr/bin/cmake --build /home/rafael/ROS2Dev/robot_2025_ws/src/practica1_description/build/practica1_description -- -j2 -l2
[13.800s] DEBUG:colcon.colcon_core.event_handler.log_command:Invoked command in '/home/rafael/ROS2Dev/robot_2025_ws/src/practica1_description/build/practica1_description' returned '0': CMAKE_PREFIX_PATH=/opt/ros/humble /usr/bin/cmake --build /home/rafael/ROS2Dev/robot_2025_ws/src/practica1_description/build/practica1_description -- -j2 -l2
[13.928s] DEBUG:colcon.colcon_core.event_handler.log_command:Invoking command in '/home/rafael/ROS2Dev/robot_2025_ws/src/practica1_description/build/practica1_description': CMAKE_PREFIX_PATH=/opt/ros/humble /usr/bin/cmake --install /home/rafael/ROS2Dev/robot_2025_ws/src/practica1_description/build/practica1_description
[13.999s] Level 1:colcon.colcon_core.environment:create_environment_scripts_only(practica1_description)
[14.003s] DEBUG:colcon.colcon_core.event_handler.log_command:Invoked command in '/home/rafael/ROS2Dev/robot_2025_ws/src/practica1_description/build/practica1_description' returned '0': CMAKE_PREFIX_PATH=/opt/ros/humble /usr/bin/cmake --install /home/rafael/ROS2Dev/robot_2025_ws/src/practica1_description/build/practica1_description
[14.100s] Level 1:colcon.colcon_core.environment:checking '/home/rafael/ROS2Dev/robot_2025_ws/src/practica1_description/install/practica1_description' for CMake module files
[14.107s] Level 1:colcon.colcon_core.environment:checking '/home/rafael/ROS2Dev/robot_2025_ws/src/practica1_description/install/practica1_description' for CMake config files
[14.111s] Level 1:colcon.colcon_core.shell:create_environment_hook('practica1_description', 'cmake_prefix_path')
[14.112s] INFO:colcon.colcon_core.shell:Creating environment hook '/home/rafael/ROS2Dev/robot_2025_ws/src/practica1_description/install/practica1_description/share/practica1_description/hook/cmake_prefix_path.ps1'
[14.121s] INFO:colcon.colcon_core.shell:Creating environment descriptor '/home/rafael/ROS2Dev/robot_2025_ws/src/practica1_description/install/practica1_description/share/practica1_description/hook/cmake_prefix_path.dsv'
[14.132s] INFO:colcon.colcon_core.shell:Creating environment hook '/home/rafael/ROS2Dev/robot_2025_ws/src/practica1_description/install/practica1_description/share/practica1_description/hook/cmake_prefix_path.sh'
[14.136s] Level 1:colcon.colcon_core.environment:checking '/home/rafael/ROS2Dev/robot_2025_ws/src/practica1_description/install/practica1_description/bin'
[14.137s] Level 1:colcon.colcon_core.environment:checking '/home/rafael/ROS2Dev/robot_2025_ws/src/practica1_description/install/practica1_description/lib/pkgconfig/practica1_description.pc'
[14.138s] Level 1:colcon.colcon_core.environment:checking '/home/rafael/ROS2Dev/robot_2025_ws/src/practica1_description/install/practica1_description/lib/python3.10/site-packages'
[14.139s] Level 1:colcon.colcon_core.environment:checking '/home/rafael/ROS2Dev/robot_2025_ws/src/practica1_description/install/practica1_description/bin'
[14.140s] INFO:colcon.colcon_core.shell:Creating package script '/home/rafael/ROS2Dev/robot_2025_ws/src/practica1_description/install/practica1_description/share/practica1_description/package.ps1'
[14.143s] INFO:colcon.colcon_core.shell:Creating package descriptor '/home/rafael/ROS2Dev/robot_2025_ws/src/practica1_description/install/practica1_description/share/practica1_description/package.dsv'
[14.146s] INFO:colcon.colcon_core.shell:Creating package script '/home/rafael/ROS2Dev/robot_2025_ws/src/practica1_description/install/practica1_description/share/practica1_description/package.sh'
[14.150s] INFO:colcon.colcon_core.shell:Creating package script '/home/rafael/ROS2Dev/robot_2025_ws/src/practica1_description/install/practica1_description/share/practica1_description/package.bash'
[14.193s] INFO:colcon.colcon_core.shell:Creating package script '/home/rafael/ROS2Dev/robot_2025_ws/src/practica1_description/install/practica1_description/share/practica1_description/package.zsh'
[14.206s] Level 1:colcon.colcon_core.environment:create_file_with_runtime_dependencies(/home/rafael/ROS2Dev/robot_2025_ws/src/practica1_description/install/practica1_description/share/colcon-core/packages/practica1_description)
[14.301s] Level 1:colcon.colcon_core.environment:create_environment_scripts_only(practica1_description)
[14.303s] Level 1:colcon.colcon_core.environment:checking '/home/rafael/ROS2Dev/robot_2025_ws/src/practica1_description/install/practica1_description' for CMake module files
[14.309s] Level 1:colcon.colcon_core.environment:checking '/home/rafael/ROS2Dev/robot_2025_ws/src/practica1_description/install/practica1_description' for CMake config files
[14.310s] Level 1:colcon.colcon_core.shell:create_environment_hook('practica1_description', 'cmake_prefix_path')
[14.311s] INFO:colcon.colcon_core.shell:Creating environment hook '/home/rafael/ROS2Dev/robot_2025_ws/src/practica1_description/install/practica1_description/share/practica1_description/hook/cmake_prefix_path.ps1'
[14.313s] INFO:colcon.colcon_core.shell:Creating environment descriptor '/home/rafael/ROS2Dev/robot_2025_ws/src/practica1_description/install/practica1_description/share/practica1_description/hook/cmake_prefix_path.dsv'
[14.315s] INFO:colcon.colcon_core.shell:Creating environment hook '/home/rafael/ROS2Dev/robot_2025_ws/src/practica1_description/install/practica1_description/share/practica1_description/hook/cmake_prefix_path.sh'
[14.317s] Level 1:colcon.colcon_core.environment:checking '/home/rafael/ROS2Dev/robot_2025_ws/src/practica1_description/install/practica1_description/bin'
[14.317s] Level 1:colcon.colcon_core.environment:checking '/home/rafael/ROS2Dev/robot_2025_ws/src/practica1_description/install/practica1_description/lib/pkgconfig/practica1_description.pc'
[14.318s] Level 1:colcon.colcon_core.environment:checking '/home/rafael/ROS2Dev/robot_2025_ws/src/practica1_description/install/practica1_description/lib/python3.10/site-packages'
[14.319s] Level 1:colcon.colcon_core.environment:checking '/home/rafael/ROS2Dev/robot_2025_ws/src/practica1_description/install/practica1_description/bin'
[14.320s] INFO:colcon.colcon_core.shell:Creating package script '/home/rafael/ROS2Dev/robot_2025_ws/src/practica1_description/install/practica1_description/share/practica1_description/package.ps1'
[14.325s] INFO:colcon.colcon_core.shell:Creating package descriptor '/home/rafael/ROS2Dev/robot_2025_ws/src/practica1_description/install/practica1_description/share/practica1_description/package.dsv'
[14.329s] INFO:colcon.colcon_core.shell:Creating package script '/home/rafael/ROS2Dev/robot_2025_ws/src/practica1_description/install/practica1_description/share/practica1_description/package.sh'
[14.331s] INFO:colcon.colcon_core.shell:Creating package script '/home/rafael/ROS2Dev/robot_2025_ws/src/practica1_description/install/practica1_description/share/practica1_description/package.bash'
[14.333s] INFO:colcon.colcon_core.shell:Creating package script '/home/rafael/ROS2Dev/robot_2025_ws/src/practica1_description/install/practica1_description/share/practica1_description/package.zsh'
[14.335s] Level 1:colcon.colcon_core.environment:create_file_with_runtime_dependencies(/home/rafael/ROS2Dev/robot_2025_ws/src/practica1_description/install/practica1_description/share/colcon-core/packages/practica1_description)
[14.336s] DEBUG:colcon.colcon_parallel_executor.executor.parallel:closing loop
[14.337s] DEBUG:colcon.colcon_parallel_executor.executor.parallel:loop closed
[14.337s] DEBUG:colcon.colcon_parallel_executor.executor.parallel:run_until_complete finished with '0'
[14.338s] DEBUG:colcon.colcon_core.event_reactor:joining thread
[14.448s] INFO:colcon.colcon_core.plugin_system:Skipping extension 'colcon_notification.desktop_notification.terminal_notifier': Not used on non-Darwin systems
[14.448s] INFO:colcon.colcon_core.plugin_system:Skipping extension 'colcon_notification.desktop_notification.win32': Not used on non-Windows systems
[14.448s] INFO:colcon.colcon_notification.desktop_notification:Sending desktop notification using 'notify2'
[14.984s] DEBUG:colcon.colcon_core.event_reactor:joined thread
[14.985s] INFO:colcon.colcon_core.shell:Creating prefix script '/home/rafael/ROS2Dev/robot_2025_ws/src/practica1_description/install/local_setup.ps1'
[15.000s] INFO:colcon.colcon_core.shell:Creating prefix util module '/home/rafael/ROS2Dev/robot_2025_ws/src/practica1_description/install/_local_setup_util_ps1.py'
[15.015s] INFO:colcon.colcon_core.shell:Creating prefix chain script '/home/rafael/ROS2Dev/robot_2025_ws/src/practica1_description/install/setup.ps1'
[15.019s] INFO:colcon.colcon_core.shell:Creating prefix script '/home/rafael/ROS2Dev/robot_2025_ws/src/practica1_description/install/local_setup.sh'
[15.022s] INFO:colcon.colcon_core.shell:Creating prefix util module '/home/rafael/ROS2Dev/robot_2025_ws/src/practica1_description/install/_local_setup_util_sh.py'
[15.024s] INFO:colcon.colcon_core.shell:Creating prefix chain script '/home/rafael/ROS2Dev/robot_2025_ws/src/practica1_description/install/setup.sh'
[15.029s] INFO:colcon.colcon_core.shell:Creating prefix script '/home/rafael/ROS2Dev/robot_2025_ws/src/practica1_description/install/local_setup.bash'
[15.055s] INFO:colcon.colcon_core.shell:Creating prefix chain script '/home/rafael/ROS2Dev/robot_2025_ws/src/practica1_description/install/setup.bash'
[15.060s] INFO:colcon.colcon_core.shell:Creating prefix script '/home/rafael/ROS2Dev/robot_2025_ws/src/practica1_description/install/local_setup.zsh'
[15.072s] INFO:colcon.colcon_core.shell:Creating prefix chain script '/home/rafael/ROS2Dev/robot_2025_ws/src/practica1_description/install/setup.zsh'
